<?xml version="1.0" encoding="UTF-8"?>
<testng-results skipped="0" failed="0" ignored="0" total="1" passed="1">
  <reporter-output>
  </reporter-output>
  <suite name="Default suite" duration-ms="13273" started-at="2021-07-29T23:16:19 IST" finished-at="2021-07-29T23:16:32 IST">
    <groups>
    </groups>
    <test name="Default test" duration-ms="13273" started-at="2021-07-29T23:16:19 IST" finished-at="2021-07-29T23:16:32 IST">
      <class name="com.qa.hrm.tests.LoginTest">
        <test-method status="PASS" signature="browserSetUp()[pri:0, instance:com.qa.hrm.tests.LoginTest@1d371b2d]" name="browserSetUp" is-config="true" duration-ms="9528" started-at="2021-07-29T23:16:19 IST" finished-at="2021-07-29T23:16:29 IST">
          <reporter-output>
          </reporter-output>
        </test-method> <!-- browserSetUp -->
        <test-method status="PASS" signature="login()[pri:0, instance:com.qa.hrm.tests.LoginTest@1d371b2d]" name="login" duration-ms="3719" started-at="2021-07-29T23:16:29 IST" finished-at="2021-07-29T23:16:32 IST">
          <reporter-output>
          </reporter-output>
        </test-method> <!-- login -->
      </class> <!-- com.qa.hrm.tests.LoginTest -->
    </test> <!-- Default test -->
  </suite> <!-- Default suite -->
</testng-results>
