<?xml version="1.0" encoding="UTF-8"?>
<testng-results skipped="0" failed="0" ignored="0" total="1" passed="1">
  <reporter-output>
  </reporter-output>
  <suite name="Suite" duration-ms="11711" started-at="2021-07-28T19:04:08 IST" finished-at="2021-07-28T19:04:20 IST">
    <groups>
    </groups>
    <test name="Test" duration-ms="11711" started-at="2021-07-28T19:04:08 IST" finished-at="2021-07-28T19:04:20 IST">
      <class name="com.qa.hrm.tests.LoginTest">
        <test-method status="PASS" signature="browserSetUp()[pri:0, instance:com.qa.hrm.tests.LoginTest@bd8db5a]" name="browserSetUp" is-config="true" duration-ms="8376" started-at="2021-07-28T19:04:08 IST" finished-at="2021-07-28T19:04:17 IST">
          <reporter-output>
          </reporter-output>
        </test-method> <!-- browserSetUp -->
        <test-method status="PASS" signature="login()[pri:2, instance:com.qa.hrm.tests.LoginTest@bd8db5a]" name="login" duration-ms="3311" started-at="2021-07-28T19:04:17 IST" finished-at="2021-07-28T19:04:20 IST">
          <reporter-output>
          </reporter-output>
        </test-method> <!-- login -->
      </class> <!-- com.qa.hrm.tests.LoginTest -->
    </test> <!-- Test -->
  </suite> <!-- Suite -->
</testng-results>
